<?xml version="1.0" encoding="UTF-8"?>
<testng-results skipped="0" failed="0" ignored="0" total="1" passed="1">
  <reporter-output>
  </reporter-output>
  <suite name="Suite" duration-ms="15775" started-at="2022-01-10T18:22:44 IST" finished-at="2022-01-10T18:22:59 IST">
    <groups>
      <group name="cucumber">
        <method signature="AbstractTestNGCucumberTests.runScenario(io.cucumber.testng.PickleWrapper, io.cucumber.testng.FeatureWrapper)[pri:0, instance:testRunner.TestRunner@4bbfb90a]" name="runScenario" class="io.cucumber.testng.AbstractTestNGCucumberTests"/>
      </group> <!-- cucumber -->
    </groups>
    <test name="Test" duration-ms="15775" started-at="2022-01-10T18:22:44 IST" finished-at="2022-01-10T18:22:59 IST">
      <class name="testRunner.TestRunner">
        <test-method status="PASS" signature="setUpClass()[pri:0, instance:testRunner.TestRunner@4bbfb90a]" name="setUpClass" is-config="true" duration-ms="402" started-at="2022-01-10T18:22:44 IST" finished-at="2022-01-10T18:22:44 IST">
          <reporter-output>
          </reporter-output>
        </test-method> <!-- setUpClass -->
        <test-method status="PASS" signature="runScenario(io.cucumber.testng.PickleWrapper, io.cucumber.testng.FeatureWrapper)[pri:0, instance:testRunner.TestRunner@4bbfb90a]" name="runScenario" duration-ms="15237" started-at="2022-01-10T18:22:44 IST" description="Runs Cucumber Scenarios" data-provider="scenarios" finished-at="2022-01-10T18:22:59 IST">
          <params>
            <param index="0">
              <value>
                <![CDATA["Login Feature Validation"]]>
              </value>
            </param>
            <param index="1">
              <value>
                <![CDATA["Login"]]>
              </value>
            </param>
          </params>
          <reporter-output>
          </reporter-output>
        </test-method> <!-- runScenario -->
        <test-method status="PASS" signature="tearDownClass()[pri:0, instance:testRunner.TestRunner@4bbfb90a]" name="tearDownClass" is-config="true" duration-ms="80" started-at="2022-01-10T18:22:59 IST" finished-at="2022-01-10T18:22:59 IST">
          <reporter-output>
          </reporter-output>
        </test-method> <!-- tearDownClass -->
      </class> <!-- testRunner.TestRunner -->
    </test> <!-- Test -->
  </suite> <!-- Suite -->
</testng-results>
